<?xml version="1.0" encoding="UTF-8"?>
<!-- Generated by org.testng.reporters.JUnitReportReporter -->
<testsuite hostname="ATMECSINLT-044" failures="0" tests="1" name="com.cleartrip.tests.roundtrip.RoundTrip" time="87.609" errors="0" timestamp="05 Sep 2019 19:17:50 GMT" skipped="0">
  <testcase classname="com.cleartrip.tests.roundtrip.RoundTrip" name="oneWayTrip" time="87.609"/>
</testsuite> <!-- com.cleartrip.tests.roundtrip.RoundTrip -->
