<?xml version="1.0" encoding="UTF-8"?>
<!-- Generated by org.testng.reporters.JUnitReportReporter -->
<testsuite hostname="ATMECSINLT-044" failures="0" tests="1" name="com.cleartrip.seleniumgrid.SeleniumGrid" time="17.884" errors="0" timestamp="06 Sep 2019 09:25:20 GMT" skipped="0">
  <testcase classname="com.cleartrip.seleniumgrid.SeleniumGrid" name="seleniumGridDriver" time="17.884"/>
</testsuite> <!-- com.cleartrip.seleniumgrid.SeleniumGrid -->
